[22:09:47] [ServerMain/INFO]: Environment: Environment[sessionHost=https://sessionserver.mojang.com, servicesHost=https://api.minecraftservices.com, name=PROD]
[22:09:47] [ServerMain/INFO]: Found new data pack file/bukkit, loading it automatically
[22:09:48] [ServerMain/INFO]: No existing world data, creating new world
[22:09:49] [ServerMain/INFO]: Loaded 1174 recipes
[22:09:49] [ServerMain/INFO]: Loaded 1271 advancements
[22:09:50] [Server thread/INFO]: Starting minecraft server version 1.20.4
[22:09:50] [Server thread/INFO]: Loading properties
[22:09:50] [Server thread/INFO]: This server is running Paper version git-Paper-497 (MC: 1.20.4) (Implementing API version 1.20.4-R0.1-SNAPSHOT) (Git: d8d54d9 on ver/1.20.4)
[22:09:51] [Server thread/INFO]: Server Ping Player Sample Count: 12
[22:09:51] [Server thread/INFO]: Using 4 threads for Netty based IO
[22:09:51] [Server thread/INFO]: [ChunkTaskScheduler] Chunk system is using 1 I/O threads, 1 worker threads, and gen parallelism of 1 threads
[22:09:51] [Server thread/WARN]: [!] The timings profiler has been enabled but has been scheduled for removal from Paper in the future.
    We recommend installing the spark profiler as a replacement: https://spark.lucko.me/
    For more information please visit: https://github.com/PaperMC/Paper/issues/8948
[22:09:51] [Server thread/INFO]: Default game type: SURVIVAL
[22:09:51] [Server thread/INFO]: Generating keypair
[22:09:51] [Server thread/INFO]: Starting Minecraft server on *:25565
[22:09:51] [Server thread/INFO]: Using epoll channel type
[22:09:51] [Server thread/INFO]: Paper: Using libdeflate (Linux x86_64) compression from Velocity.
[22:09:51] [Server thread/INFO]: Paper: Using OpenSSL 1.1.x (Linux x86_64) cipher from Velocity.
[22:09:51] [Server thread/WARN]: **** SERVER IS RUNNING IN OFFLINE/INSECURE MODE!
[22:09:51] [Server thread/WARN]: The server will make no attempt to authenticate usernames. Beware.
[22:09:51] [Server thread/WARN]: While this makes the game possible to play without internet access, it also opens up the ability for hackers to connect with any username they choose.
[22:09:51] [Server thread/WARN]: To change this, set "online-mode" to "true" in the server.properties file.
[22:09:51] [Server thread/INFO]: Preparing level "world"
[22:10:02] [Server thread/INFO]: Preparing start region for dimension minecraft:overworld
[22:10:02] [Server thread/INFO]: Time elapsed: 177 ms
[22:10:02] [Server thread/INFO]: Preparing start region for dimension minecraft:the_nether
[22:10:03] [Server thread/INFO]: Time elapsed: 83 ms
[22:10:03] [Server thread/INFO]: Preparing start region for dimension minecraft:the_end
[22:10:03] [Server thread/INFO]: Time elapsed: 56 ms
[22:10:03] [Server thread/INFO]: Running delayed init tasks
[22:10:03] [Server thread/INFO]: Done (13.193s)! For help, type "help"
[22:10:03] [Server thread/INFO]: *************************************************************************************
[22:10:03] [Server thread/INFO]: This is the first time you're starting this server.
[22:10:03] [Server thread/INFO]: It's recommended you read our 'Getting Started' documentation for guidance.
[22:10:03] [Server thread/INFO]: View this and more helpful information here: https://docs.papermc.io/paper/next-steps
[22:10:03] [Server thread/INFO]: *************************************************************************************
[22:10:03] [Server thread/INFO]: Timings Reset
[22:10:03] [Server thread/INFO]: Unknown command. Type "/help" for help.
[22:11:13] [Server thread/INFO]: Made zEdu_ a server operator
[22:14:01] [User Authenticator #0/INFO]: UUID of player zEdu_ is 4d04ccee-34e2-3521-a398-0bc2e21c19ea
[22:14:02] [Server thread/INFO]: zEdu_ joined the game
[22:14:02] [Server thread/INFO]: zEdu_[/127.125.1.242:42635] logged in with entity id 427 at ([world]-392.5, 84.0, 84.5)
[22:14:38] [Server thread/INFO]: zEdu_ issued server command: /gm 1
[22:14:42] [Server thread/INFO]: zEdu_ issued server command: /gamemode 1
[22:14:51] [Server thread/INFO]: zEdu_ issued server command: /gamemode creative
[22:14:51] [Server thread/INFO]: [zEdu_: Set own game mode to Creative Mode]
[22:16:27] [Server thread/INFO]: zEdu_ lost connection: Disconnected
[22:16:27] [Server thread/INFO]: zEdu_ left the game
[22:16:41] [User Authenticator #1/INFO]: UUID of player zEdu_ is 4d04ccee-34e2-3521-a398-0bc2e21c19ea
[22:16:41] [Server thread/INFO]: zEdu_ joined the game
[22:16:41] [Server thread/INFO]: zEdu_[/127.125.1.242:40939] logged in with entity id 877 at ([world]-390.6868881967682, 89.68290054978, 87.85960232065585)
[22:16:46] [Server thread/INFO]: zEdu_ lost connection: Disconnected
[22:16:46] [Server thread/INFO]: zEdu_ left the game
[22:16:53] [User Authenticator #1/INFO]: UUID of player zEdu_ is 4d04ccee-34e2-3521-a398-0bc2e21c19ea
[22:16:53] [Server thread/INFO]: zEdu_ joined the game
[22:16:53] [Server thread/INFO]: zEdu_[/127.125.1.242:51595] logged in with entity id 896 at ([world]-389.3085849040474, 89.68290054978, 88.5387361454195)
[22:16:58] [Server thread/INFO]: zEdu_ lost connection: Disconnected
[22:16:58] [Server thread/INFO]: zEdu_ left the game
[22:19:36] [User Authenticator #2/INFO]: UUID of player zEdu_ is 4d04ccee-34e2-3521-a398-0bc2e21c19ea
[22:19:37] [Server thread/INFO]: zEdu_ joined the game
[22:19:37] [Server thread/INFO]: zEdu_[/127.125.1.242:53757] logged in with entity id 914 at ([world]-388.97801659982764, 89.68290054978, 90.01615794241778)
